0 info it worked if it ends with ok
1 verbose cli [ '/usr/bin/nodejs', '/usr/bin/npm', 'start', '--port', '80' ]
2 info using npm@4.0.5
3 info using node@v6.9.2
4 verbose run-script [ 'prestart', 'start', 'poststart' ]
5 info lifecycle mocky@0.0.0~prestart: mocky@0.0.0
6 silly lifecycle mocky@0.0.0~prestart: no script for prestart, continuing
7 info lifecycle mocky@0.0.0~start: mocky@0.0.0
8 verbose lifecycle mocky@0.0.0~start: unsafe-perm in lifecycle true
9 verbose lifecycle mocky@0.0.0~start: PATH: /usr/lib/node_modules/npm/bin/node-gyp-bin:/home/mateus/projects/mocky/node_modules/.bin:/home/mateus/bin:/home/mateus/.local/bin:/usr/local/sbin:/usr/local/bin:/usr/sbin:/usr/bin:/sbin:/bin:/usr/games:/usr/local/games:/snap/bin:/u01/app/oracle/product/11.2.0/xe/bin:/u01/app/oracle/product/11.2.0/xe/bin:/opt/play-2.1.1
10 verbose lifecycle mocky@0.0.0~start: CWD: /home/mateus/projects/mocky
11 silly lifecycle mocky@0.0.0~start: Args: [ '-c', 'node ./bin/www "80"' ]
12 silly lifecycle mocky@0.0.0~start: Returned: code: 1  signal: null
13 info lifecycle mocky@0.0.0~start: Failed to exec start script
14 verbose stack Error: mocky@0.0.0 start: `node ./bin/www "80"`
14 verbose stack Exit status 1
14 verbose stack     at EventEmitter.<anonymous> (/usr/lib/node_modules/npm/lib/utils/lifecycle.js:279:16)
14 verbose stack     at emitTwo (events.js:106:13)
14 verbose stack     at EventEmitter.emit (events.js:191:7)
14 verbose stack     at ChildProcess.<anonymous> (/usr/lib/node_modules/npm/lib/utils/spawn.js:40:14)
14 verbose stack     at emitTwo (events.js:106:13)
14 verbose stack     at ChildProcess.emit (events.js:191:7)
14 verbose stack     at maybeClose (internal/child_process.js:877:16)
14 verbose stack     at Process.ChildProcess._handle.onexit (internal/child_process.js:226:5)
15 verbose pkgid mocky@0.0.0
16 verbose cwd /home/mateus/projects/mocky/routes
17 error Linux 4.5.0-040500-generic
18 error argv "/usr/bin/nodejs" "/usr/bin/npm" "start" "--port" "80"
19 error node v6.9.2
20 error npm  v4.0.5
21 error code ELIFECYCLE
22 error mocky@0.0.0 start: `node ./bin/www "80"`
22 error Exit status 1
23 error Failed at the mocky@0.0.0 start script 'node ./bin/www "80"'.
23 error Make sure you have the latest version of node.js and npm installed.
23 error If you do, this is most likely a problem with the mocky package,
23 error not with npm itself.
23 error Tell the author that this fails on your system:
23 error     node ./bin/www "80"
23 error You can get information on how to open an issue for this project with:
23 error     npm bugs mocky
23 error Or if that isn't available, you can get their info via:
23 error     npm owner ls mocky
23 error There is likely additional logging output above.
24 verbose exit [ 1, true ]
